2023-06-29 16:55:21.792 | INFO     | __main__:main:56 - Token stats for self_ask-train split:
       prompt_token_counts  target_token_counts  total_token_counts
count            154876.00            154876.00           154876.00
mean                285.13                63.64              348.77
std                  41.97                20.20               58.31
min                 206.00                38.00              251.00
25%                 254.00                50.00              307.00
50%                 272.00                55.00              327.00
75%                 311.00                68.00              378.00
max                 635.00               180.00              686.00
sum            44160050.00           9856539.00         54016589.00
2023-06-29 16:55:21.922 | INFO     | __main__:main:56 - Token stats for self_ask-dev split:
       prompt_token_counts  target_token_counts  total_token_counts
count             12576.00             12576.00            12576.00
mean                284.71                63.49              348.21
std                  41.75                19.95               57.74
min                 206.00                38.00              257.00
25%                 254.00                50.00              307.00
50%                 272.00                55.00              327.00
75%                 309.00                68.00              376.00
max                 498.00               141.00              614.00
sum             3580570.00            798466.00          4379036.00
2023-06-29 16:55:22.630 | INFO     | __main__:main:56 - Token stats for direct-train split:
       prompt_token_counts  target_token_counts  total_token_counts
count            154876.00            154876.00           154876.00
mean                117.13                 2.66              119.79
std                  41.97                 2.16               42.02
min                  38.00                 1.00               41.00
25%                  86.00                 1.00               89.00
50%                 104.00                 2.00              107.00
75%                 143.00                 4.00              145.00
max                 467.00                36.00              468.00
sum            18140881.00            411777.00         18552658.00
2023-06-29 16:55:22.714 | INFO     | __main__:main:56 - Token stats for direct-dev split:
       prompt_token_counts  target_token_counts  total_token_counts
count             12576.00             12576.00            12576.00
mean                116.71                 2.69              119.40
std                  41.75                 2.19               41.77
min                  38.00                 1.00               44.00
25%                  86.00                 1.00               89.00
50%                 104.00                 2.00              107.00
75%                 141.00                 4.00              144.00
max                 330.00                21.00              336.00
sum             1467802.00             33831.00          1501633.00
